<?xml version="1.0"?>
<project
	xsi:schemaLocation="http://maven.apache.org/POM/4.0.0 http://maven.apache.org/xsd/maven-4.0.0.xsd"
	xmlns="http://maven.apache.org/POM/4.0.0" xmlns:xsi="http://www.w3.org/2001/XMLSchema-instance">
	<modelVersion>4.0.0</modelVersion>
	<groupId>at.nonblocking</groupId>
	<artifactId>test1</artifactId>
	<version>1.0.0-SNAPSHOT</version>

        <properties>
                <at.nonblocking.test1.version>1.1.1-SNAPSHOT</at.nonblocking.test1.version>
        </properties>

	<dependencies>
		<dependency>
			<groupId>at.nonblocking</groupId>
			<artifactId>test1</artifactId>
			<version>${at.nonblocking.test1.version}</version>
		</dependency>
                <dependency>
			<groupId>at.nonblocking</groupId>
			<artifactId>test2</artifactId>
			<version>${at.nonblocking.test1.version}</version>
		</dependency>
	</dependencies>
</project>